[0508/215823.772:INFO:CONSOLE(66)] "You must enable Billing on the Google Cloud Project at https://console.cloud.google.com/project/_/billing/enable Learn more at https://developers.google.com/maps/gmp-get-started", source: https://maps.googleapis.com/maps/api/js?key=AIzaSyCy-fMWerzvXcPCV0FDI07hW2DAzs_mnpY&callback=initMap (66)
[0508/215831.617:INFO:CONSOLE(22)] "Here I am !!!", source: https://cn1app/streams/1 (22)
[0508/220041.723:INFO:CONSOLE(66)] "You must enable Billing on the Google Cloud Project at https://console.cloud.google.com/project/_/billing/enable Learn more at https://developers.google.com/maps/gmp-get-started", source: https://maps.googleapis.com/maps/api/js?key=AIzaSyCy-fMWerzvXcPCV0FDI07hW2DAzs_mnpY&callback=initMap (66)
[0508/220049.696:INFO:CONSOLE(22)] "Here I am !!!", source: https://cn1app/streams/1 (22)
[0508/220125.167:INFO:CONSOLE(66)] "You must enable Billing on the Google Cloud Project at https://console.cloud.google.com/project/_/billing/enable Learn more at https://developers.google.com/maps/gmp-get-started", source: https://maps.googleapis.com/maps/api/js?key=AIzaSyCy-fMWerzvXcPCV0FDI07hW2DAzs_mnpY&callback=initMap (66)
[0508/220133.022:INFO:CONSOLE(22)] "Here I am !!!", source: https://cn1app/streams/1 (22)
[0510/160845.071:INFO:CONSOLE(66)] "You must enable Billing on the Google Cloud Project at https://console.cloud.google.com/project/_/billing/enable Learn more at https://developers.google.com/maps/gmp-get-started", source: https://maps.googleapis.com/maps/api/js?key=AIzaSyCy-fMWerzvXcPCV0FDI07hW2DAzs_mnpY&callback=initMap (66)
[0510/160845.876:INFO:CONSOLE(22)] "Here I am !!!", source: https://cn1app/streams/1 (22)
[0511/165729.753:INFO:CONSOLE(66)] "You must enable Billing on the Google Cloud Project at https://console.cloud.google.com/project/_/billing/enable Learn more at https://developers.google.com/maps/gmp-get-started", source: https://maps.googleapis.com/maps/api/js?key=AIzaSyCy-fMWerzvXcPCV0FDI07hW2DAzs_mnpY&callback=initMap (66)
[0511/165737.451:INFO:CONSOLE(22)] "Here I am !!!", source: https://cn1app/streams/1 (22)
[0512/171931.068:INFO:CONSOLE(66)] "You must enable Billing on the Google Cloud Project at https://console.cloud.google.com/project/_/billing/enable Learn more at https://developers.google.com/maps/gmp-get-started", source: https://maps.googleapis.com/maps/api/js?key=AIzaSyCy-fMWerzvXcPCV0FDI07hW2DAzs_mnpY&callback=initMap (66)
[0512/171938.713:INFO:CONSOLE(22)] "Here I am !!!", source: https://cn1app/streams/1 (22)
[0513/140146.109:WARNING:resource_bundle.cc(435)] locale_file_path.empty() for locale 
[0513/140146.120:ERROR:main_delegate.cc(931)] Could not load locale pak for en-US
[0513/140146.316:WARNING:resource_bundle.cc(1071)] locale resources are not loaded
[0513/140146.324:WARNING:resource_bundle.cc(1071)] locale resources are not loaded
[0513/140146.324:WARNING:resource_bundle.cc(1071)] locale resources are not loaded
[0513/140146.324:WARNING:resource_bundle.cc(1071)] locale resources are not loaded
[0513/140146.326:WARNING:resource_bundle.cc(1071)] locale resources are not loaded
[0513/140146.326:WARNING:resource_bundle.cc(1071)] locale resources are not loaded
[0513/140146.326:WARNING:resource_bundle.cc(1071)] locale resources are not loaded
[0513/140146.326:WARNING:resource_bundle.cc(1071)] locale resources are not loaded
[0513/140146.326:WARNING:resource_bundle.cc(1071)] locale resources are not loaded
[0513/140146.326:WARNING:resource_bundle.cc(1071)] locale resources are not loaded
[0513/140146.326:WARNING:resource_bundle.cc(1071)] locale resources are not loaded
[0513/140146.326:WARNING:resource_bundle.cc(1071)] locale resources are not loaded
[0513/140146.326:WARNING:resource_bundle.cc(1071)] locale resources are not loaded
[0513/140146.326:WARNING:resource_bundle.cc(1071)] locale resources are not loaded
[0513/140146.326:WARNING:resource_bundle.cc(1071)] locale resources are not loaded
[0513/140146.326:WARNING:resource_bundle.cc(1071)] locale resources are not loaded
[0513/140146.326:WARNING:resource_bundle.cc(1071)] locale resources are not loaded
[0513/140146.336:WARNING:resource_bundle.cc(1071)] locale resources are not loaded
[0513/140146.336:WARNING:resource_bundle.cc(1071)] locale resources are not loaded
[0513/140146.336:WARNING:resource_bundle.cc(1071)] locale resources are not loaded
[0513/140146.336:WARNING:resource_bundle.cc(1071)] locale resources are not loaded
[0513/140146.336:WARNING:resource_bundle.cc(1071)] locale resources are not loaded
[0513/140146.336:WARNING:resource_bundle.cc(1071)] locale resources are not loaded
[0513/140146.336:WARNING:resource_bundle.cc(1071)] locale resources are not loaded
[0513/140146.336:WARNING:resource_bundle.cc(1071)] locale resources are not loaded
[0513/140146.336:WARNING:resource_bundle.cc(1071)] locale resources are not loaded
[0513/140146.336:WARNING:resource_bundle.cc(1071)] locale resources are not loaded
[0513/140146.336:WARNING:resource_bundle.cc(1071)] locale resources are not loaded
[0513/140146.336:WARNING:resource_bundle.cc(1071)] locale resources are not loaded
[0513/140146.337:WARNING:resource_bundle.cc(1071)] locale resources are not loaded
[0513/140146.337:WARNING:resource_bundle.cc(1071)] locale resources are not loaded
[0513/140146.337:WARNING:resource_bundle.cc(1071)] locale resources are not loaded
[0513/140146.337:WARNING:resource_bundle.cc(1071)] locale resources are not loaded
[0513/140146.337:WARNING:resource_bundle.cc(1071)] locale resources are not loaded
[0513/140146.337:WARNING:resource_bundle.cc(1071)] locale resources are not loaded
[0513/140146.337:WARNING:resource_bundle.cc(1071)] locale resources are not loaded
[0513/140146.337:WARNING:resource_bundle.cc(1071)] locale resources are not loaded
[0513/140146.337:WARNING:resource_bundle.cc(1071)] locale resources are not loaded
[0513/140146.337:WARNING:resource_bundle.cc(1071)] locale resources are not loaded
[0513/140146.337:WARNING:resource_bundle.cc(1071)] locale resources are not loaded
[0513/140146.337:WARNING:resource_bundle.cc(1071)] locale resources are not loaded
[0513/140146.339:WARNING:resource_bundle.cc(1071)] locale resources are not loaded
[0513/140146.339:WARNING:resource_bundle.cc(1071)] locale resources are not loaded
[0513/140146.829:WARNING:resource_bundle.cc(1071)] locale resources are not loaded
[0513/140146.829:WARNING:resource_bundle.cc(1071)] locale resources are not loaded
[0513/140146.830:WARNING:resource_bundle.cc(1071)] locale resources are not loaded
[0513/140146.830:WARNING:resource_bundle.cc(1071)] locale resources are not loaded
[0513/140146.944:WARNING:resource_bundle.cc(435)] locale_file_path.empty() for locale 
[0513/140146.944:WARNING:resource_bundle.cc(435)] locale_file_path.empty() for locale 
[0513/140146.944:ERROR:main_delegate.cc(931)] Could not load locale pak for en-US
[0513/140146.944:ERROR:main_delegate.cc(931)] Could not load locale pak for en-US
[0513/140146.944:WARNING:resource_bundle.cc(435)] locale_file_path.empty() for locale 
[0513/140146.944:ERROR:main_delegate.cc(931)] Could not load locale pak for en-US
[0513/140709.108:WARNING:resource_bundle.cc(435)] locale_file_path.empty() for locale 
[0513/140709.212:ERROR:main_delegate.cc(931)] Could not load locale pak for en-US
[0513/140709.444:WARNING:resource_bundle.cc(1071)] locale resources are not loaded
[0513/140709.453:WARNING:resource_bundle.cc(1071)] locale resources are not loaded
[0513/140709.453:WARNING:resource_bundle.cc(1071)] locale resources are not loaded
[0513/140709.453:WARNING:resource_bundle.cc(1071)] locale resources are not loaded
[0513/140709.455:WARNING:resource_bundle.cc(1071)] locale resources are not loaded
[0513/140709.455:WARNING:resource_bundle.cc(1071)] locale resources are not loaded
[0513/140709.455:WARNING:resource_bundle.cc(1071)] locale resources are not loaded
[0513/140709.455:WARNING:resource_bundle.cc(1071)] locale resources are not loaded
[0513/140709.455:WARNING:resource_bundle.cc(1071)] locale resources are not loaded
[0513/140709.455:WARNING:resource_bundle.cc(1071)] locale resources are not loaded
[0513/140709.455:WARNING:resource_bundle.cc(1071)] locale resources are not loaded
[0513/140709.455:WARNING:resource_bundle.cc(1071)] locale resources are not loaded
[0513/140709.455:WARNING:resource_bundle.cc(1071)] locale resources are not loaded
[0513/140709.455:WARNING:resource_bundle.cc(1071)] locale resources are not loaded
[0513/140709.455:WARNING:resource_bundle.cc(1071)] locale resources are not loaded
[0513/140709.455:WARNING:resource_bundle.cc(1071)] locale resources are not loaded
[0513/140709.455:WARNING:resource_bundle.cc(1071)] locale resources are not loaded
[0513/140709.455:WARNING:resource_bundle.cc(1071)] locale resources are not loaded
[0513/140709.455:WARNING:resource_bundle.cc(1071)] locale resources are not loaded
[0513/140709.455:WARNING:resource_bundle.cc(1071)] locale resources are not loaded
[0513/140709.455:WARNING:resource_bundle.cc(1071)] locale resources are not loaded
[0513/140709.455:WARNING:resource_bundle.cc(1071)] locale resources are not loaded
[0513/140709.455:WARNING:resource_bundle.cc(1071)] locale resources are not loaded
[0513/140709.455:WARNING:resource_bundle.cc(1071)] locale resources are not loaded
[0513/140709.455:WARNING:resource_bundle.cc(1071)] locale resources are not loaded
[0513/140709.455:WARNING:resource_bundle.cc(1071)] locale resources are not loaded
[0513/140709.455:WARNING:resource_bundle.cc(1071)] locale resources are not loaded
[0513/140709.455:WARNING:resource_bundle.cc(1071)] locale resources are not loaded
[0513/140709.455:WARNING:resource_bundle.cc(1071)] locale resources are not loaded
[0513/140709.455:WARNING:resource_bundle.cc(1071)] locale resources are not loaded
[0513/140709.455:WARNING:resource_bundle.cc(1071)] locale resources are not loaded
[0513/140709.455:WARNING:resource_bundle.cc(1071)] locale resources are not loaded
[0513/140709.455:WARNING:resource_bundle.cc(1071)] locale resources are not loaded
[0513/140709.455:WARNING:resource_bundle.cc(1071)] locale resources are not loaded
[0513/140709.455:WARNING:resource_bundle.cc(1071)] locale resources are not loaded
[0513/140709.455:WARNING:resource_bundle.cc(1071)] locale resources are not loaded
[0513/140709.455:WARNING:resource_bundle.cc(1071)] locale resources are not loaded
[0513/140709.455:WARNING:resource_bundle.cc(1071)] locale resources are not loaded
[0513/140709.455:WARNING:resource_bundle.cc(1071)] locale resources are not loaded
[0513/140709.455:WARNING:resource_bundle.cc(1071)] locale resources are not loaded
[0513/140709.455:WARNING:resource_bundle.cc(1071)] locale resources are not loaded
[0513/140709.457:WARNING:resource_bundle.cc(1071)] locale resources are not loaded
[0513/140709.457:WARNING:resource_bundle.cc(1071)] locale resources are not loaded
[0513/140709.745:WARNING:resource_bundle.cc(435)] locale_file_path.empty() for locale 
[0513/140709.745:ERROR:main_delegate.cc(931)] Could not load locale pak for en-US
[0513/140709.912:WARNING:resource_bundle.cc(435)] locale_file_path.empty() for locale 
[0513/140709.912:ERROR:main_delegate.cc(931)] Could not load locale pak for en-US
[0513/140709.921:WARNING:resource_bundle.cc(435)] locale_file_path.empty() for locale 
[0513/140709.921:ERROR:main_delegate.cc(931)] Could not load locale pak for en-US
[0513/140709.976:WARNING:resource_bundle.cc(1071)] locale resources are not loaded
[0513/140709.991:WARNING:resource_bundle.cc(1071)] locale resources are not loaded
[0513/140710.027:WARNING:resource_bundle.cc(1071)] locale resources are not loaded
[0513/140710.027:WARNING:resource_bundle.cc(1071)] locale resources are not loaded
[0513/140710.149:WARNING:resource_bundle.cc(1071)] locale resources are not loaded
[0513/140710.149:WARNING:resource_bundle.cc(1071)] locale resources are not loaded
[0513/140710.149:WARNING:resource_bundle.cc(1071)] locale resources are not loaded
[0513/140710.149:WARNING:resource_bundle.cc(1071)] locale resources are not loaded
[0513/140710.153:WARNING:resource_bundle.cc(435)] locale_file_path.empty() for locale 
[0513/140710.153:ERROR:main_delegate.cc(931)] Could not load locale pak for en-US
[0513/140710.155:WARNING:resource_bundle.cc(435)] locale_file_path.empty() for locale 
[0513/140710.155:ERROR:main_delegate.cc(931)] Could not load locale pak for en-US
[0513/140755.992:WARNING:resource_bundle.cc(435)] locale_file_path.empty() for locale 
[0513/140755.992:ERROR:main_delegate.cc(931)] Could not load locale pak for en-US
[0513/140756.019:WARNING:resource_bundle.cc(1071)] locale resources are not loaded
[0513/140756.019:WARNING:resource_bundle.cc(1071)] locale resources are not loaded
[0513/140756.019:WARNING:resource_bundle.cc(1071)] locale resources are not loaded
[0513/140756.019:WARNING:resource_bundle.cc(1071)] locale resources are not loaded
[0513/140756.019:WARNING:resource_bundle.cc(1071)] locale resources are not loaded
[0513/140756.019:WARNING:resource_bundle.cc(1071)] locale resources are not loaded
[0513/140756.019:WARNING:resource_bundle.cc(1071)] locale resources are not loaded
[0513/140756.019:WARNING:resource_bundle.cc(1071)] locale resources are not loaded
[0513/140756.019:WARNING:resource_bundle.cc(1071)] locale resources are not loaded
[0513/140756.019:WARNING:resource_bundle.cc(1071)] locale resources are not loaded
[0513/140756.019:WARNING:resource_bundle.cc(1071)] locale resources are not loaded
[0513/140756.019:WARNING:resource_bundle.cc(1071)] locale resources are not loaded
[0513/140756.019:WARNING:resource_bundle.cc(1071)] locale resources are not loaded
[0513/140756.019:WARNING:resource_bundle.cc(1071)] locale resources are not loaded
[0513/140756.019:WARNING:resource_bundle.cc(1071)] locale resources are not loaded
[0513/140756.020:WARNING:resource_bundle.cc(1071)] locale resources are not loaded
[0513/140756.020:WARNING:resource_bundle.cc(1071)] locale resources are not loaded
[0513/140756.020:WARNING:resource_bundle.cc(1071)] locale resources are not loaded
[0513/140756.020:WARNING:resource_bundle.cc(1071)] locale resources are not loaded
[0513/140756.020:WARNING:resource_bundle.cc(1071)] locale resources are not loaded
[0513/140756.020:WARNING:resource_bundle.cc(1071)] locale resources are not loaded
[0513/140756.020:WARNING:resource_bundle.cc(1071)] locale resources are not loaded
[0513/140756.020:WARNING:resource_bundle.cc(1071)] locale resources are not loaded
[0513/140756.020:WARNING:resource_bundle.cc(1071)] locale resources are not loaded
[0513/140756.020:WARNING:resource_bundle.cc(1071)] locale resources are not loaded
[0513/140756.020:WARNING:resource_bundle.cc(1071)] locale resources are not loaded
[0513/140756.020:WARNING:resource_bundle.cc(1071)] locale resources are not loaded
[0513/140756.020:WARNING:resource_bundle.cc(1071)] locale resources are not loaded
[0513/140756.020:WARNING:resource_bundle.cc(1071)] locale resources are not loaded
[0513/140756.020:WARNING:resource_bundle.cc(1071)] locale resources are not loaded
[0513/140756.020:WARNING:resource_bundle.cc(1071)] locale resources are not loaded
[0513/140756.020:WARNING:resource_bundle.cc(1071)] locale resources are not loaded
[0513/140756.020:WARNING:resource_bundle.cc(1071)] locale resources are not loaded
[0513/140756.020:WARNING:resource_bundle.cc(1071)] locale resources are not loaded
[0513/140756.020:WARNING:resource_bundle.cc(1071)] locale resources are not loaded
[0513/140756.020:WARNING:resource_bundle.cc(1071)] locale resources are not loaded
[0513/140756.020:WARNING:resource_bundle.cc(1071)] locale resources are not loaded
[0513/140756.020:WARNING:resource_bundle.cc(1071)] locale resources are not loaded
[0513/140756.020:WARNING:resource_bundle.cc(1071)] locale resources are not loaded
[0513/140756.020:WARNING:resource_bundle.cc(1071)] locale resources are not loaded
[0513/140756.020:WARNING:resource_bundle.cc(1071)] locale resources are not loaded
[0513/140756.021:WARNING:resource_bundle.cc(1071)] locale resources are not loaded
[0513/140756.021:WARNING:resource_bundle.cc(1071)] locale resources are not loaded
[0513/140756.233:WARNING:resource_bundle.cc(435)] locale_file_path.empty() for locale 
[0513/140756.233:ERROR:main_delegate.cc(931)] Could not load locale pak for en-US
[0513/140756.315:WARNING:resource_bundle.cc(435)] locale_file_path.empty() for locale 
[0513/140756.315:ERROR:main_delegate.cc(931)] Could not load locale pak for en-US
[0513/140756.317:WARNING:resource_bundle.cc(435)] locale_file_path.empty() for locale 
[0513/140756.317:ERROR:main_delegate.cc(931)] Could not load locale pak for en-US
[0513/140756.351:WARNING:resource_bundle.cc(1071)] locale resources are not loaded
[0513/140756.351:WARNING:resource_bundle.cc(1071)] locale resources are not loaded
[0513/140756.351:WARNING:resource_bundle.cc(1071)] locale resources are not loaded
[0513/140756.351:WARNING:resource_bundle.cc(1071)] locale resources are not loaded
[0513/140756.373:WARNING:resource_bundle.cc(1071)] locale resources are not loaded
[0513/140756.373:WARNING:resource_bundle.cc(1071)] locale resources are not loaded
[0513/140756.375:WARNING:resource_bundle.cc(1071)] locale resources are not loaded
[0513/140756.375:WARNING:resource_bundle.cc(1071)] locale resources are not loaded
[0513/140756.401:WARNING:resource_bundle.cc(435)] locale_file_path.empty() for locale 
[0513/140756.401:WARNING:resource_bundle.cc(435)] locale_file_path.empty() for locale 
[0513/140756.401:ERROR:main_delegate.cc(931)] Could not load locale pak for en-US
[0513/140756.401:ERROR:main_delegate.cc(931)] Could not load locale pak for en-US
[0513/140900.225:WARNING:resource_bundle.cc(435)] locale_file_path.empty() for locale 
[0513/140900.225:ERROR:main_delegate.cc(931)] Could not load locale pak for en-US
[0513/140900.253:WARNING:resource_bundle.cc(1071)] locale resources are not loaded
[0513/140900.254:WARNING:resource_bundle.cc(1071)] locale resources are not loaded
[0513/140900.254:WARNING:resource_bundle.cc(1071)] locale resources are not loaded
[0513/140900.254:WARNING:resource_bundle.cc(1071)] locale resources are not loaded
[0513/140900.254:WARNING:resource_bundle.cc(1071)] locale resources are not loaded
[0513/140900.254:WARNING:resource_bundle.cc(1071)] locale resources are not loaded
[0513/140900.254:WARNING:resource_bundle.cc(1071)] locale resources are not loaded
[0513/140900.254:WARNING:resource_bundle.cc(1071)] locale resources are not loaded
[0513/140900.254:WARNING:resource_bundle.cc(1071)] locale resources are not loaded
[0513/140900.254:WARNING:resource_bundle.cc(1071)] locale resources are not loaded
[0513/140900.254:WARNING:resource_bundle.cc(1071)] locale resources are not loaded
[0513/140900.254:WARNING:resource_bundle.cc(1071)] locale resources are not loaded
[0513/140900.254:WARNING:resource_bundle.cc(1071)] locale resources are not loaded
[0513/140900.254:WARNING:resource_bundle.cc(1071)] locale resources are not loaded
[0513/140900.254:WARNING:resource_bundle.cc(1071)] locale resources are not loaded
[0513/140900.254:WARNING:resource_bundle.cc(1071)] locale resources are not loaded
[0513/140900.254:WARNING:resource_bundle.cc(1071)] locale resources are not loaded
[0513/140900.254:WARNING:resource_bundle.cc(1071)] locale resources are not loaded
[0513/140900.255:WARNING:resource_bundle.cc(1071)] locale resources are not loaded
[0513/140900.255:WARNING:resource_bundle.cc(1071)] locale resources are not loaded
[0513/140900.255:WARNING:resource_bundle.cc(1071)] locale resources are not loaded
[0513/140900.255:WARNING:resource_bundle.cc(1071)] locale resources are not loaded
[0513/140900.255:WARNING:resource_bundle.cc(1071)] locale resources are not loaded
[0513/140900.255:WARNING:resource_bundle.cc(1071)] locale resources are not loaded
[0513/140900.255:WARNING:resource_bundle.cc(1071)] locale resources are not loaded
[0513/140900.255:WARNING:resource_bundle.cc(1071)] locale resources are not loaded
[0513/140900.255:WARNING:resource_bundle.cc(1071)] locale resources are not loaded
[0513/140900.255:WARNING:resource_bundle.cc(1071)] locale resources are not loaded
[0513/140900.255:WARNING:resource_bundle.cc(1071)] locale resources are not loaded
[0513/140900.255:WARNING:resource_bundle.cc(1071)] locale resources are not loaded
[0513/140900.255:WARNING:resource_bundle.cc(1071)] locale resources are not loaded
[0513/140900.255:WARNING:resource_bundle.cc(1071)] locale resources are not loaded
[0513/140900.255:WARNING:resource_bundle.cc(1071)] locale resources are not loaded
[0513/140900.255:WARNING:resource_bundle.cc(1071)] locale resources are not loaded
[0513/140900.255:WARNING:resource_bundle.cc(1071)] locale resources are not loaded
[0513/140900.255:WARNING:resource_bundle.cc(1071)] locale resources are not loaded
[0513/140900.255:WARNING:resource_bundle.cc(1071)] locale resources are not loaded
[0513/140900.255:WARNING:resource_bundle.cc(1071)] locale resources are not loaded
[0513/140900.255:WARNING:resource_bundle.cc(1071)] locale resources are not loaded
[0513/140900.255:WARNING:resource_bundle.cc(1071)] locale resources are not loaded
[0513/140900.255:WARNING:resource_bundle.cc(1071)] locale resources are not loaded
[0513/140900.256:WARNING:resource_bundle.cc(1071)] locale resources are not loaded
[0513/140900.256:WARNING:resource_bundle.cc(1071)] locale resources are not loaded
[0513/140900.458:WARNING:resource_bundle.cc(435)] locale_file_path.empty() for locale 
[0513/140900.458:ERROR:main_delegate.cc(931)] Could not load locale pak for en-US
[0513/140900.545:WARNING:resource_bundle.cc(435)] locale_file_path.empty() for locale 
[0513/140900.546:ERROR:main_delegate.cc(931)] Could not load locale pak for en-US
[0513/140900.547:WARNING:resource_bundle.cc(435)] locale_file_path.empty() for locale 
[0513/140900.547:ERROR:main_delegate.cc(931)] Could not load locale pak for en-US
[0513/140900.578:WARNING:resource_bundle.cc(1071)] locale resources are not loaded
[0513/140900.578:WARNING:resource_bundle.cc(1071)] locale resources are not loaded
[0513/140900.579:WARNING:resource_bundle.cc(1071)] locale resources are not loaded
[0513/140900.579:WARNING:resource_bundle.cc(1071)] locale resources are not loaded
[0513/140900.599:WARNING:resource_bundle.cc(1071)] locale resources are not loaded
[0513/140900.599:WARNING:resource_bundle.cc(1071)] locale resources are not loaded
[0513/140900.602:WARNING:resource_bundle.cc(1071)] locale resources are not loaded
[0513/140900.602:WARNING:resource_bundle.cc(1071)] locale resources are not loaded
[0513/140900.649:WARNING:resource_bundle.cc(435)] locale_file_path.empty() for locale 
[0513/140900.649:ERROR:main_delegate.cc(931)] Could not load locale pak for en-US
[0513/140900.652:WARNING:resource_bundle.cc(435)] locale_file_path.empty() for locale 
[0513/140900.652:ERROR:main_delegate.cc(931)] Could not load locale pak for en-US
[0513/140945.363:WARNING:resource_bundle.cc(435)] locale_file_path.empty() for locale 
[0513/140945.363:ERROR:main_delegate.cc(931)] Could not load locale pak for en-US
[0513/140945.389:WARNING:resource_bundle.cc(1071)] locale resources are not loaded
[0513/140945.389:WARNING:resource_bundle.cc(1071)] locale resources are not loaded
[0513/140945.389:WARNING:resource_bundle.cc(1071)] locale resources are not loaded
[0513/140945.390:WARNING:resource_bundle.cc(1071)] locale resources are not loaded
[0513/140945.390:WARNING:resource_bundle.cc(1071)] locale resources are not loaded
[0513/140945.390:WARNING:resource_bundle.cc(1071)] locale resources are not loaded
[0513/140945.390:WARNING:resource_bundle.cc(1071)] locale resources are not loaded
[0513/140945.390:WARNING:resource_bundle.cc(1071)] locale resources are not loaded
[0513/140945.390:WARNING:resource_bundle.cc(1071)] locale resources are not loaded
[0513/140945.390:WARNING:resource_bundle.cc(1071)] locale resources are not loaded
[0513/140945.390:WARNING:resource_bundle.cc(1071)] locale resources are not loaded
[0513/140945.390:WARNING:resource_bundle.cc(1071)] locale resources are not loaded
[0513/140945.390:WARNING:resource_bundle.cc(1071)] locale resources are not loaded
[0513/140945.390:WARNING:resource_bundle.cc(1071)] locale resources are not loaded
[0513/140945.390:WARNING:resource_bundle.cc(1071)] locale resources are not loaded
[0513/140945.390:WARNING:resource_bundle.cc(1071)] locale resources are not loaded
[0513/140945.390:WARNING:resource_bundle.cc(1071)] locale resources are not loaded
[0513/140945.390:WARNING:resource_bundle.cc(1071)] locale resources are not loaded
[0513/140945.390:WARNING:resource_bundle.cc(1071)] locale resources are not loaded
[0513/140945.390:WARNING:resource_bundle.cc(1071)] locale resources are not loaded
[0513/140945.390:WARNING:resource_bundle.cc(1071)] locale resources are not loaded
[0513/140945.390:WARNING:resource_bundle.cc(1071)] locale resources are not loaded
[0513/140945.390:WARNING:resource_bundle.cc(1071)] locale resources are not loaded
[0513/140945.390:WARNING:resource_bundle.cc(1071)] locale resources are not loaded
[0513/140945.390:WARNING:resource_bundle.cc(1071)] locale resources are not loaded
[0513/140945.390:WARNING:resource_bundle.cc(1071)] locale resources are not loaded
[0513/140945.390:WARNING:resource_bundle.cc(1071)] locale resources are not loaded
[0513/140945.390:WARNING:resource_bundle.cc(1071)] locale resources are not loaded
[0513/140945.390:WARNING:resource_bundle.cc(1071)] locale resources are not loaded
[0513/140945.391:WARNING:resource_bundle.cc(1071)] locale resources are not loaded
[0513/140945.391:WARNING:resource_bundle.cc(1071)] locale resources are not loaded
[0513/140945.391:WARNING:resource_bundle.cc(1071)] locale resources are not loaded
[0513/140945.391:WARNING:resource_bundle.cc(1071)] locale resources are not loaded
[0513/140945.391:WARNING:resource_bundle.cc(1071)] locale resources are not loaded
[0513/140945.391:WARNING:resource_bundle.cc(1071)] locale resources are not loaded
[0513/140945.391:WARNING:resource_bundle.cc(1071)] locale resources are not loaded
[0513/140945.391:WARNING:resource_bundle.cc(1071)] locale resources are not loaded
[0513/140945.391:WARNING:resource_bundle.cc(1071)] locale resources are not loaded
[0513/140945.391:WARNING:resource_bundle.cc(1071)] locale resources are not loaded
[0513/140945.391:WARNING:resource_bundle.cc(1071)] locale resources are not loaded
[0513/140945.391:WARNING:resource_bundle.cc(1071)] locale resources are not loaded
[0513/140945.392:WARNING:resource_bundle.cc(1071)] locale resources are not loaded
[0513/140945.392:WARNING:resource_bundle.cc(1071)] locale resources are not loaded
[0513/140945.623:WARNING:resource_bundle.cc(435)] locale_file_path.empty() for locale 
[0513/140945.623:ERROR:main_delegate.cc(931)] Could not load locale pak for en-US
[0513/140945.755:WARNING:resource_bundle.cc(435)] locale_file_path.empty() for locale 
[0513/140945.755:ERROR:main_delegate.cc(931)] Could not load locale pak for en-US
[0513/140945.758:WARNING:resource_bundle.cc(435)] locale_file_path.empty() for locale 
[0513/140945.758:ERROR:main_delegate.cc(931)] Could not load locale pak for en-US
[0513/140945.790:WARNING:resource_bundle.cc(1071)] locale resources are not loaded
[0513/140945.791:WARNING:resource_bundle.cc(1071)] locale resources are not loaded
[0513/140945.791:WARNING:resource_bundle.cc(1071)] locale resources are not loaded
[0513/140945.791:WARNING:resource_bundle.cc(1071)] locale resources are not loaded
[0513/140945.860:WARNING:resource_bundle.cc(1071)] locale resources are not loaded
[0513/140945.860:WARNING:resource_bundle.cc(1071)] locale resources are not loaded
[0513/140945.862:WARNING:resource_bundle.cc(1071)] locale resources are not loaded
[0513/140945.862:WARNING:resource_bundle.cc(1071)] locale resources are not loaded
[0513/140945.889:WARNING:resource_bundle.cc(435)] locale_file_path.empty() for locale 
[0513/140945.889:ERROR:main_delegate.cc(931)] Could not load locale pak for en-US
[0513/140945.896:WARNING:resource_bundle.cc(435)] locale_file_path.empty() for locale 
[0513/140945.896:ERROR:main_delegate.cc(931)] Could not load locale pak for en-US
[0513/141427.893:WARNING:resource_bundle.cc(435)] locale_file_path.empty() for locale 
[0513/141427.893:ERROR:main_delegate.cc(931)] Could not load locale pak for en-US
[0513/141427.920:WARNING:resource_bundle.cc(1071)] locale resources are not loaded
[0513/141427.921:WARNING:resource_bundle.cc(1071)] locale resources are not loaded
[0513/141427.921:WARNING:resource_bundle.cc(1071)] locale resources are not loaded
[0513/141427.921:WARNING:resource_bundle.cc(1071)] locale resources are not loaded
[0513/141427.921:WARNING:resource_bundle.cc(1071)] locale resources are not loaded
[0513/141427.921:WARNING:resource_bundle.cc(1071)] locale resources are not loaded
[0513/141427.921:WARNING:resource_bundle.cc(1071)] locale resources are not loaded
[0513/141427.921:WARNING:resource_bundle.cc(1071)] locale resources are not loaded
[0513/141427.921:WARNING:resource_bundle.cc(1071)] locale resources are not loaded
[0513/141427.921:WARNING:resource_bundle.cc(1071)] locale resources are not loaded
[0513/141427.921:WARNING:resource_bundle.cc(1071)] locale resources are not loaded
[0513/141427.921:WARNING:resource_bundle.cc(1071)] locale resources are not loaded
[0513/141427.921:WARNING:resource_bundle.cc(1071)] locale resources are not loaded
[0513/141427.921:WARNING:resource_bundle.cc(1071)] locale resources are not loaded
[0513/141427.921:WARNING:resource_bundle.cc(1071)] locale resources are not loaded
[0513/141427.921:WARNING:resource_bundle.cc(1071)] locale resources are not loaded
[0513/141427.921:WARNING:resource_bundle.cc(1071)] locale resources are not loaded
[0513/141427.921:WARNING:resource_bundle.cc(1071)] locale resources are not loaded
[0513/141427.921:WARNING:resource_bundle.cc(1071)] locale resources are not loaded
[0513/141427.921:WARNING:resource_bundle.cc(1071)] locale resources are not loaded
[0513/141427.921:WARNING:resource_bundle.cc(1071)] locale resources are not loaded
[0513/141427.921:WARNING:resource_bundle.cc(1071)] locale resources are not loaded
[0513/141427.921:WARNING:resource_bundle.cc(1071)] locale resources are not loaded
[0513/141427.921:WARNING:resource_bundle.cc(1071)] locale resources are not loaded
[0513/141427.921:WARNING:resource_bundle.cc(1071)] locale resources are not loaded
[0513/141427.921:WARNING:resource_bundle.cc(1071)] locale resources are not loaded
[0513/141427.921:WARNING:resource_bundle.cc(1071)] locale resources are not loaded
[0513/141427.921:WARNING:resource_bundle.cc(1071)] locale resources are not loaded
[0513/141427.921:WARNING:resource_bundle.cc(1071)] locale resources are not loaded
[0513/141427.921:WARNING:resource_bundle.cc(1071)] locale resources are not loaded
[0513/141427.921:WARNING:resource_bundle.cc(1071)] locale resources are not loaded
[0513/141427.921:WARNING:resource_bundle.cc(1071)] locale resources are not loaded
[0513/141427.921:WARNING:resource_bundle.cc(1071)] locale resources are not loaded
[0513/141427.921:WARNING:resource_bundle.cc(1071)] locale resources are not loaded
[0513/141427.921:WARNING:resource_bundle.cc(1071)] locale resources are not loaded
[0513/141427.921:WARNING:resource_bundle.cc(1071)] locale resources are not loaded
[0513/141427.921:WARNING:resource_bundle.cc(1071)] locale resources are not loaded
[0513/141427.921:WARNING:resource_bundle.cc(1071)] locale resources are not loaded
[0513/141427.921:WARNING:resource_bundle.cc(1071)] locale resources are not loaded
[0513/141427.921:WARNING:resource_bundle.cc(1071)] locale resources are not loaded
[0513/141427.921:WARNING:resource_bundle.cc(1071)] locale resources are not loaded
[0513/141427.922:WARNING:resource_bundle.cc(1071)] locale resources are not loaded
[0513/141427.922:WARNING:resource_bundle.cc(1071)] locale resources are not loaded
[0513/141428.129:WARNING:resource_bundle.cc(435)] locale_file_path.empty() for locale 
[0513/141428.130:ERROR:main_delegate.cc(931)] Could not load locale pak for en-US
[0513/141428.227:WARNING:resource_bundle.cc(435)] locale_file_path.empty() for locale 
[0513/141428.227:ERROR:main_delegate.cc(931)] Could not load locale pak for en-US
[0513/141428.230:WARNING:resource_bundle.cc(435)] locale_file_path.empty() for locale 
[0513/141428.230:ERROR:main_delegate.cc(931)] Could not load locale pak for en-US
[0513/141428.257:WARNING:resource_bundle.cc(1071)] locale resources are not loaded
[0513/141428.347:WARNING:resource_bundle.cc(1071)] locale resources are not loaded
[0513/141428.388:WARNING:resource_bundle.cc(1071)] locale resources are not loaded
[0513/141428.388:WARNING:resource_bundle.cc(1071)] locale resources are not loaded
[0513/141428.466:WARNING:resource_bundle.cc(435)] locale_file_path.empty() for locale 
[0513/141428.466:ERROR:main_delegate.cc(931)] Could not load locale pak for en-US
[0513/141428.480:WARNING:resource_bundle.cc(435)] locale_file_path.empty() for locale 
[0513/141428.480:ERROR:main_delegate.cc(931)] Could not load locale pak for en-US
[0513/141428.481:WARNING:resource_bundle.cc(1071)] locale resources are not loaded
[0513/141428.481:WARNING:resource_bundle.cc(1071)] locale resources are not loaded
[0513/141428.481:WARNING:resource_bundle.cc(1071)] locale resources are not loaded
[0513/141428.481:WARNING:resource_bundle.cc(1071)] locale resources are not loaded
[0513/141705.001:WARNING:resource_bundle.cc(435)] locale_file_path.empty() for locale 
[0513/141705.002:ERROR:main_delegate.cc(931)] Could not load locale pak for en-US
[0513/141705.030:WARNING:resource_bundle.cc(1071)] locale resources are not loaded
[0513/141705.031:WARNING:resource_bundle.cc(1071)] locale resources are not loaded
[0513/141705.031:WARNING:resource_bundle.cc(1071)] locale resources are not loaded
[0513/141705.031:WARNING:resource_bundle.cc(1071)] locale resources are not loaded
[0513/141705.031:WARNING:resource_bundle.cc(1071)] locale resources are not loaded
[0513/141705.031:WARNING:resource_bundle.cc(1071)] locale resources are not loaded
[0513/141705.031:WARNING:resource_bundle.cc(1071)] locale resources are not loaded
[0513/141705.031:WARNING:resource_bundle.cc(1071)] locale resources are not loaded
[0513/141705.031:WARNING:resource_bundle.cc(1071)] locale resources are not loaded
[0513/141705.031:WARNING:resource_bundle.cc(1071)] locale resources are not loaded
[0513/141705.031:WARNING:resource_bundle.cc(1071)] locale resources are not loaded
[0513/141705.031:WARNING:resource_bundle.cc(1071)] locale resources are not loaded
[0513/141705.031:WARNING:resource_bundle.cc(1071)] locale resources are not loaded
[0513/141705.031:WARNING:resource_bundle.cc(1071)] locale resources are not loaded
[0513/141705.031:WARNING:resource_bundle.cc(1071)] locale resources are not loaded
[0513/141705.031:WARNING:resource_bundle.cc(1071)] locale resources are not loaded
[0513/141705.031:WARNING:resource_bundle.cc(1071)] locale resources are not loaded
[0513/141705.031:WARNING:resource_bundle.cc(1071)] locale resources are not loaded
[0513/141705.031:WARNING:resource_bundle.cc(1071)] locale resources are not loaded
[0513/141705.031:WARNING:resource_bundle.cc(1071)] locale resources are not loaded
[0513/141705.031:WARNING:resource_bundle.cc(1071)] locale resources are not loaded
[0513/141705.031:WARNING:resource_bundle.cc(1071)] locale resources are not loaded
[0513/141705.031:WARNING:resource_bundle.cc(1071)] locale resources are not loaded
[0513/141705.031:WARNING:resource_bundle.cc(1071)] locale resources are not loaded
[0513/141705.031:WARNING:resource_bundle.cc(1071)] locale resources are not loaded
[0513/141705.031:WARNING:resource_bundle.cc(1071)] locale resources are not loaded
[0513/141705.031:WARNING:resource_bundle.cc(1071)] locale resources are not loaded
[0513/141705.031:WARNING:resource_bundle.cc(1071)] locale resources are not loaded
[0513/141705.031:WARNING:resource_bundle.cc(1071)] locale resources are not loaded
[0513/141705.031:WARNING:resource_bundle.cc(1071)] locale resources are not loaded
[0513/141705.031:WARNING:resource_bundle.cc(1071)] locale resources are not loaded
[0513/141705.031:WARNING:resource_bundle.cc(1071)] locale resources are not loaded
[0513/141705.031:WARNING:resource_bundle.cc(1071)] locale resources are not loaded
[0513/141705.031:WARNING:resource_bundle.cc(1071)] locale resources are not loaded
[0513/141705.031:WARNING:resource_bundle.cc(1071)] locale resources are not loaded
[0513/141705.031:WARNING:resource_bundle.cc(1071)] locale resources are not loaded
[0513/141705.031:WARNING:resource_bundle.cc(1071)] locale resources are not loaded
[0513/141705.031:WARNING:resource_bundle.cc(1071)] locale resources are not loaded
[0513/141705.031:WARNING:resource_bundle.cc(1071)] locale resources are not loaded
[0513/141705.032:WARNING:resource_bundle.cc(1071)] locale resources are not loaded
[0513/141705.032:WARNING:resource_bundle.cc(1071)] locale resources are not loaded
[0513/141705.033:WARNING:resource_bundle.cc(1071)] locale resources are not loaded
[0513/141705.033:WARNING:resource_bundle.cc(1071)] locale resources are not loaded
[0513/141705.250:WARNING:resource_bundle.cc(435)] locale_file_path.empty() for locale 
[0513/141705.250:ERROR:main_delegate.cc(931)] Could not load locale pak for en-US
[0513/141705.341:WARNING:resource_bundle.cc(435)] locale_file_path.empty() for locale 
[0513/141705.341:WARNING:resource_bundle.cc(435)] locale_file_path.empty() for locale 
[0513/141705.342:ERROR:main_delegate.cc(931)] Could not load locale pak for en-US
[0513/141705.342:ERROR:main_delegate.cc(931)] Could not load locale pak for en-US
[0513/141705.373:WARNING:resource_bundle.cc(1071)] locale resources are not loaded
[0513/141705.373:WARNING:resource_bundle.cc(1071)] locale resources are not loaded
[0513/141705.373:WARNING:resource_bundle.cc(1071)] locale resources are not loaded
[0513/141705.373:WARNING:resource_bundle.cc(1071)] locale resources are not loaded
[0513/141705.394:WARNING:resource_bundle.cc(1071)] locale resources are not loaded
[0513/141705.395:WARNING:resource_bundle.cc(1071)] locale resources are not loaded
[0513/141705.439:WARNING:resource_bundle.cc(435)] locale_file_path.empty() for locale 
[0513/141705.439:ERROR:main_delegate.cc(931)] Could not load locale pak for en-US
[0513/141705.441:WARNING:resource_bundle.cc(1071)] locale resources are not loaded
[0513/141705.441:WARNING:resource_bundle.cc(1071)] locale resources are not loaded
[0513/141705.471:WARNING:resource_bundle.cc(435)] locale_file_path.empty() for locale 
[0513/141705.471:ERROR:main_delegate.cc(931)] Could not load locale pak for en-US
[0513/141955.557:WARNING:resource_bundle.cc(435)] locale_file_path.empty() for locale 
[0513/141955.557:ERROR:main_delegate.cc(931)] Could not load locale pak for en-US
[0513/141955.584:WARNING:resource_bundle.cc(1071)] locale resources are not loaded
[0513/141955.585:WARNING:resource_bundle.cc(1071)] locale resources are not loaded
[0513/141955.585:WARNING:resource_bundle.cc(1071)] locale resources are not loaded
[0513/141955.585:WARNING:resource_bundle.cc(1071)] locale resources are not loaded
[0513/141955.585:WARNING:resource_bundle.cc(1071)] locale resources are not loaded
[0513/141955.585:WARNING:resource_bundle.cc(1071)] locale resources are not loaded
[0513/141955.585:WARNING:resource_bundle.cc(1071)] locale resources are not loaded
[0513/141955.585:WARNING:resource_bundle.cc(1071)] locale resources are not loaded
[0513/141955.585:WARNING:resource_bundle.cc(1071)] locale resources are not loaded
[0513/141955.585:WARNING:resource_bundle.cc(1071)] locale resources are not loaded
[0513/141955.585:WARNING:resource_bundle.cc(1071)] locale resources are not loaded
[0513/141955.585:WARNING:resource_bundle.cc(1071)] locale resources are not loaded
[0513/141955.585:WARNING:resource_bundle.cc(1071)] locale resources are not loaded
[0513/141955.585:WARNING:resource_bundle.cc(1071)] locale resources are not loaded
[0513/141955.585:WARNING:resource_bundle.cc(1071)] locale resources are not loaded
[0513/141955.585:WARNING:resource_bundle.cc(1071)] locale resources are not loaded
[0513/141955.585:WARNING:resource_bundle.cc(1071)] locale resources are not loaded
[0513/141955.585:WARNING:resource_bundle.cc(1071)] locale resources are not loaded
[0513/141955.585:WARNING:resource_bundle.cc(1071)] locale resources are not loaded
[0513/141955.585:WARNING:resource_bundle.cc(1071)] locale resources are not loaded
[0513/141955.585:WARNING:resource_bundle.cc(1071)] locale resources are not loaded
[0513/141955.585:WARNING:resource_bundle.cc(1071)] locale resources are not loaded
[0513/141955.585:WARNING:resource_bundle.cc(1071)] locale resources are not loaded
[0513/141955.585:WARNING:resource_bundle.cc(1071)] locale resources are not loaded
[0513/141955.585:WARNING:resource_bundle.cc(1071)] locale resources are not loaded
[0513/141955.585:WARNING:resource_bundle.cc(1071)] locale resources are not loaded
[0513/141955.585:WARNING:resource_bundle.cc(1071)] locale resources are not loaded
[0513/141955.585:WARNING:resource_bundle.cc(1071)] locale resources are not loaded
[0513/141955.585:WARNING:resource_bundle.cc(1071)] locale resources are not loaded
[0513/141955.585:WARNING:resource_bundle.cc(1071)] locale resources are not loaded
[0513/141955.585:WARNING:resource_bundle.cc(1071)] locale resources are not loaded
[0513/141955.585:WARNING:resource_bundle.cc(1071)] locale resources are not loaded
[0513/141955.585:WARNING:resource_bundle.cc(1071)] locale resources are not loaded
[0513/141955.585:WARNING:resource_bundle.cc(1071)] locale resources are not loaded
[0513/141955.585:WARNING:resource_bundle.cc(1071)] locale resources are not loaded
[0513/141955.585:WARNING:resource_bundle.cc(1071)] locale resources are not loaded
[0513/141955.585:WARNING:resource_bundle.cc(1071)] locale resources are not loaded
[0513/141955.585:WARNING:resource_bundle.cc(1071)] locale resources are not loaded
[0513/141955.585:WARNING:resource_bundle.cc(1071)] locale resources are not loaded
[0513/141955.585:WARNING:resource_bundle.cc(1071)] locale resources are not loaded
[0513/141955.585:WARNING:resource_bundle.cc(1071)] locale resources are not loaded
[0513/141955.586:WARNING:resource_bundle.cc(1071)] locale resources are not loaded
[0513/141955.586:WARNING:resource_bundle.cc(1071)] locale resources are not loaded
[0513/141955.807:WARNING:resource_bundle.cc(435)] locale_file_path.empty() for locale 
[0513/141955.807:ERROR:main_delegate.cc(931)] Could not load locale pak for en-US
[0513/141955.873:WARNING:resource_bundle.cc(435)] locale_file_path.empty() for locale 
[0513/141955.873:ERROR:main_delegate.cc(931)] Could not load locale pak for en-US
[0513/141955.875:WARNING:resource_bundle.cc(435)] locale_file_path.empty() for locale 
[0513/141955.875:ERROR:main_delegate.cc(931)] Could not load locale pak for en-US
[0513/141955.895:WARNING:resource_bundle.cc(1071)] locale resources are not loaded
[0513/141955.917:WARNING:resource_bundle.cc(1071)] locale resources are not loaded
[0513/141955.956:WARNING:resource_bundle.cc(1071)] locale resources are not loaded
[0513/141955.956:WARNING:resource_bundle.cc(1071)] locale resources are not loaded
[0513/141955.988:WARNING:resource_bundle.cc(1071)] locale resources are not loaded
[0513/141955.988:WARNING:resource_bundle.cc(1071)] locale resources are not loaded
[0513/141955.988:WARNING:resource_bundle.cc(1071)] locale resources are not loaded
[0513/141955.988:WARNING:resource_bundle.cc(1071)] locale resources are not loaded
[0513/141956.014:WARNING:resource_bundle.cc(435)] locale_file_path.empty() for locale 
[0513/141956.015:ERROR:main_delegate.cc(931)] Could not load locale pak for en-US
[0513/141956.015:WARNING:resource_bundle.cc(435)] locale_file_path.empty() for locale 
[0513/141956.015:ERROR:main_delegate.cc(931)] Could not load locale pak for en-US
